# JRE version: OpenJDK Runtime Environment Temurin-17.0.7+7 (17.0.7+7) (build 17.0.7+7)
# Java VM: OpenJDK 64-Bit Server VM Temurin-17.0.7+7 (17.0.7+7, mixed mode, emulated-client, tiered, compressed oops, compressed class ptrs, g1 gc, windows-amd64)
GC Precious Log:
 CPUs: 4 total, 4 available
 Memory: 6020M
 Large Page Support: Disabled
 NUMA Support: Disabled
 Compressed Oops: Enabled (32-bit)
 Heap Region Size: 1M
 Heap Min Capacity: 8M
 Heap Initial Capacity: 96M
 Heap Max Capacity: 1G
 Pre-touch: Disabled
 Parallel Workers: 4
 Concurrent Workers: 1
 Concurrent Refinement Workers: 4
 Periodic GC: Disabled
Heap:
 garbage-first heap   total 137216K, used 88131K [0x00000000c0000000, 0x0000000100000000)
  region size 1024K, 1 young (1024K), 1 survivors (1024K)
 Metaspace       used 44347K, committed 44864K, reserved 1114112K
  class space    used 5477K, committed 5696K, reserved 1048576K
GC Heap History (20 events):
Event: 6.287 GC heap after
{Heap after GC invocations=12 (full 0):
 garbage-first heap   total 66560K, used 31966K [0x00000000c0000000, 0x0000000100000000)
  region size 1024K, 4 young (4096K), 4 survivors (4096K)
 Metaspace       used 40724K, committed 41152K, reserved 1114112K
  class space    used 5128K, committed 5312K, reserved 1048576K
}
Event: 6.435 GC heap before
{Heap before GC invocations=12 (full 0):
 garbage-first heap   total 66560K, used 47326K [0x00000000c0000000, 0x0000000100000000)
  region size 1024K, 20 young (20480K), 4 survivors (4096K)
 Metaspace       used 40973K, committed 41344K, reserved 1114112K
  class space    used 5165K, committed 5312K, reserved 1048576K
}
Event: 6.445 GC heap after
{Heap after GC invocations=13 (full 0):
 garbage-first heap   total 66560K, used 34272K [0x00000000c0000000, 0x0000000100000000)
  region size 1024K, 3 young (3072K), 3 survivors (3072K)
 Metaspace       used 40973K, committed 41344K, reserved 1114112K
  class space    used 5165K, committed 5312K, reserved 1048576K
}
Event: 6.575 GC heap before
{Heap before GC invocations=13 (full 0):
 garbage-first heap   total 66560K, used 48608K [0x00000000c0000000, 0x0000000100000000)
  region size 1024K, 18 young (18432K), 3 survivors (3072K)
 Metaspace       used 41311K, committed 41728K, reserved 1114112K
  class space    used 5208K, committed 5376K, reserved 1048576K
}
Event: 6.581 GC heap after
{Heap after GC invocations=14 (full 0):
 garbage-first heap   total 66560K, used 37468K [0x00000000c0000000, 0x0000000100000000)
  region size 1024K, 3 young (3072K), 3 survivors (3072K)
 Metaspace       used 41311K, committed 41728K, reserved 1114112K
  class space    used 5208K, committed 5376K, reserved 1048576K
}
Event: 6.702 GC heap before
{Heap before GC invocations=14 (full 0):
 garbage-first heap   total 80896K, used 49756K [0x00000000c0000000, 0x0000000100000000)
  region size 1024K, 16 young (16384K), 3 survivors (3072K)
 Metaspace       used 41716K, committed 42112K, reserved 1114112K
  class space    used 5233K, committed 5376K, reserved 1048576K
}
Event: 6.710 GC heap after
{Heap after GC invocations=15 (full 0):
 garbage-first heap   total 113664K, used 39739K [0x00000000c0000000, 0x0000000100000000)
  region size 1024K, 2 young (2048K), 2 survivors (2048K)
 Metaspace       used 41716K, committed 42112K, reserved 1114112K
  class space    used 5233K, committed 5376K, reserved 1048576K
}
Event: 7.211 GC heap before
{Heap before GC invocations=16 (full 0):
 garbage-first heap   total 113664K, used 80699K [0x00000000c0000000, 0x0000000100000000)
  region size 1024K, 43 young (44032K), 2 survivors (2048K)
 Metaspace       used 42504K, committed 42944K, reserved 1114112K
  class space    used 5324K, committed 5568K, reserved 1048576K
}
Event: 7.226 GC heap after
{Heap after GC invocations=17 (full 0):
 garbage-first heap   total 113664K, used 46186K [0x00000000c0000000, 0x0000000100000000)
  region size 1024K, 6 young (6144K), 6 survivors (6144K)
 Metaspace       used 42504K, committed 42944K, reserved 1114112K
  class space    used 5324K, committed 5568K, reserved 1048576K
}
Event: 7.428 GC heap before
{Heap before GC invocations=17 (full 0):
 garbage-first heap   total 113664K, used 81002K [0x00000000c0000000, 0x0000000100000000)
  region size 1024K, 41 young (41984K), 6 survivors (6144K)
 Metaspace       used 43410K, committed 43840K, reserved 1114112K
  class space    used 5367K, committed 5568K, reserved 1048576K
}
Event: 7.446 GC heap after
{Heap after GC invocations=18 (full 0):
 garbage-first heap   total 113664K, used 52710K [0x00000000c0000000, 0x0000000100000000)
  region size 1024K, 6 young (6144K), 6 survivors (6144K)
 Metaspace       used 43410K, committed 43840K, reserved 1114112K
  class space    used 5367K, committed 5568K, reserved 1048576K
}
Event: 7.830 GC heap before
{Heap before GC invocations=18 (full 0):
 garbage-first heap   total 113664K, used 83430K [0x00000000c0000000, 0x0000000100000000)
  region size 1024K, 37 young (37888K), 6 survivors (6144K)
 Metaspace       used 44127K, committed 44544K, reserved 1114112K
  class space    used 5444K, committed 5632K, reserved 1048576K
}
Event: 7.868 GC heap after
{Heap after GC invocations=19 (full 0):
 garbage-first heap   total 113664K, used 63072K [0x00000000c0000000, 0x0000000100000000)
  region size 1024K, 5 young (5120K), 5 survivors (5120K)
 Metaspace       used 44127K, committed 44544K, reserved 1114112K
  class space    used 5444K, committed 5632K, reserved 1048576K
}
Event: 8.792 GC heap before
{Heap before GC invocations=19 (full 0):
 garbage-first heap   total 113664K, used 74336K [0x00000000c0000000, 0x0000000100000000)
  region size 1024K, 18 young (18432K), 5 survivors (5120K)
 Metaspace       used 44263K, committed 44672K, reserved 1114112K
  class space    used 5468K, committed 5632K, reserved 1048576K
}
Event: 8.805 GC heap after
{Heap after GC invocations=20 (full 0):
 garbage-first heap   total 113664K, used 67611K [0x00000000c0000000, 0x0000000100000000)
  region size 1024K, 4 young (4096K), 4 survivors (4096K)
 Metaspace       used 44263K, committed 44672K, reserved 1114112K
  class space    used 5468K, committed 5632K, reserved 1048576K
}
Event: 8.967 GC heap before
{Heap before GC invocations=20 (full 0):
 garbage-first heap   total 113664K, used 89115K [0x00000000c0000000, 0x0000000100000000)
  region size 1024K, 23 young (23552K), 4 survivors (4096K)
 Metaspace       used 44265K, committed 44672K, reserved 1114112K
  class space    used 5468K, committed 5632K, reserved 1048576K
}
Event: 8.984 GC heap after
{Heap after GC invocations=21 (full 0):
 garbage-first heap   total 113664K, used 80598K [0x00000000c0000000, 0x0000000100000000)
  region size 1024K, 3 young (3072K), 3 survivors (3072K)
 Metaspace       used 44265K, committed 44672K, reserved 1114112K
  class space    used 5468K, committed 5632K, reserved 1048576K
}
Event: 9.118 GC heap before
{Heap before GC invocations=22 (full 0):
 garbage-first heap   total 137216K, used 89814K [0x00000000c0000000, 0x0000000100000000)
  region size 1024K, 13 young (13312K), 3 survivors (3072K)
 Metaspace       used 44347K, committed 44864K, reserved 1114112K
  class space    used 5477K, committed 5696K, reserved 1048576K
}
Event: 9.152 GC heap after
{Heap after GC invocations=23 (full 0):
 garbage-first heap   total 137216K, used 87275K [0x00000000c0000000, 0x0000000100000000)
  region size 1024K, 2 young (2048K), 2 survivors (2048K)
 Metaspace       used 44347K, committed 44864K, reserved 1114112K
  class space    used 5477K, committed 5696K, reserved 1048576K
}
Event: 9.162 GC heap before
{Heap before GC invocations=23 (full 0):
 garbage-first heap   total 137216K, used 90347K [0x00000000c0000000, 0x0000000100000000)
  region size 1024K, 6 young (6144K), 2 survivors (2048K)
 Metaspace       used 44347K, committed 44864K, reserved 1114112K
  class space    used 5477K, committed 5696K, reserved 1048576K
}

