# JRE version: OpenJDK Runtime Environment Temurin-17.0.7+7 (17.0.7+7) (build 17.0.7+7)
# Java VM: OpenJDK 64-Bit Server VM Temurin-17.0.7+7 (17.0.7+7, mixed mode, emulated-client, tiered, compressed oops, compressed class ptrs, g1 gc, windows-amd64)
GC Precious Log:
 CPUs: 4 total, 4 available
 Memory: 6020M
 Large Page Support: Disabled
 NUMA Support: Disabled
 Compressed Oops: Enabled (32-bit)
 Heap Region Size: 1M
 Heap Min Capacity: 8M
 Heap Initial Capacity: 96M
 Heap Max Capacity: 1G
 Pre-touch: Disabled
 Parallel Workers: 4
 Concurrent Workers: 1
 Concurrent Refinement Workers: 4
 Periodic GC: Disabled
Heap:
 garbage-first heap   total 163840K, used 51557K [0x00000000c0000000, 0x0000000100000000)
  region size 1024K, 1 young (1024K), 0 survivors (0K)
 Metaspace       used 70770K, committed 71232K, reserved 1114112K
  class space    used 9291K, committed 9536K, reserved 1048576K
GC Heap History (20 events):
Event: 18586.229 GC heap before
{Heap before GC invocations=1830 (full 1716):
 garbage-first heap   total 163840K, used 51544K [0x00000000c0000000, 0x0000000100000000)
  region size 1024K, 1 young (1024K), 0 survivors (0K)
 Metaspace       used 70760K, committed 71232K, reserved 1114112K
  class space    used 9289K, committed 9536K, reserved 1048576K
}
Event: 18586.288 GC heap after
{Heap after GC invocations=1831 (full 1717):
 garbage-first heap   total 163840K, used 51544K [0x00000000c0000000, 0x0000000100000000)
  region size 1024K, 0 young (0K), 0 survivors (0K)
 Metaspace       used 70760K, committed 71232K, reserved 1114112K
  class space    used 9289K, committed 9536K, reserved 1048576K
}
Event: 18596.517 GC heap before
{Heap before GC invocations=1831 (full 1717):
 garbage-first heap   total 163840K, used 51544K [0x00000000c0000000, 0x0000000100000000)
  region size 1024K, 1 young (1024K), 0 survivors (0K)
 Metaspace       used 70760K, committed 71232K, reserved 1114112K
  class space    used 9289K, committed 9536K, reserved 1048576K
}
Event: 18596.572 GC heap after
{Heap after GC invocations=1832 (full 1718):
 garbage-first heap   total 163840K, used 51544K [0x00000000c0000000, 0x0000000100000000)
  region size 1024K, 0 young (0K), 0 survivors (0K)
 Metaspace       used 70760K, committed 71232K, reserved 1114112K
  class space    used 9289K, committed 9536K, reserved 1048576K
}
Event: 18606.867 GC heap before
{Heap before GC invocations=1832 (full 1718):
 garbage-first heap   total 163840K, used 51544K [0x00000000c0000000, 0x0000000100000000)
  region size 1024K, 1 young (1024K), 0 survivors (0K)
 Metaspace       used 70760K, committed 71232K, reserved 1114112K
  class space    used 9289K, committed 9536K, reserved 1048576K
}
Event: 18606.931 GC heap after
{Heap after GC invocations=1833 (full 1719):
 garbage-first heap   total 163840K, used 51544K [0x00000000c0000000, 0x0000000100000000)
  region size 1024K, 0 young (0K), 0 survivors (0K)
 Metaspace       used 70760K, committed 71232K, reserved 1114112K
  class space    used 9289K, committed 9536K, reserved 1048576K
}
Event: 18617.243 GC heap before
{Heap before GC invocations=1833 (full 1719):
 garbage-first heap   total 163840K, used 51544K [0x00000000c0000000, 0x0000000100000000)
  region size 1024K, 1 young (1024K), 0 survivors (0K)
 Metaspace       used 70760K, committed 71232K, reserved 1114112K
  class space    used 9289K, committed 9536K, reserved 1048576K
}
Event: 18617.307 GC heap after
{Heap after GC invocations=1834 (full 1720):
 garbage-first heap   total 163840K, used 51544K [0x00000000c0000000, 0x0000000100000000)
  region size 1024K, 0 young (0K), 0 survivors (0K)
 Metaspace       used 70760K, committed 71232K, reserved 1114112K
  class space    used 9289K, committed 9536K, reserved 1048576K
}
Event: 18627.573 GC heap before
{Heap before GC invocations=1834 (full 1720):
 garbage-first heap   total 163840K, used 51544K [0x00000000c0000000, 0x0000000100000000)
  region size 1024K, 1 young (1024K), 0 survivors (0K)
 Metaspace       used 70760K, committed 71232K, reserved 1114112K
  class space    used 9289K, committed 9536K, reserved 1048576K
}
Event: 18627.635 GC heap after
{Heap after GC invocations=1835 (full 1721):
 garbage-first heap   total 163840K, used 51544K [0x00000000c0000000, 0x0000000100000000)
  region size 1024K, 0 young (0K), 0 survivors (0K)
 Metaspace       used 70760K, committed 71232K, reserved 1114112K
  class space    used 9289K, committed 9536K, reserved 1048576K
}
Event: 18637.847 GC heap before
{Heap before GC invocations=1835 (full 1721):
 garbage-first heap   total 163840K, used 51544K [0x00000000c0000000, 0x0000000100000000)
  region size 1024K, 1 young (1024K), 0 survivors (0K)
 Metaspace       used 70760K, committed 71232K, reserved 1114112K
  class space    used 9289K, committed 9536K, reserved 1048576K
}
Event: 18637.900 GC heap after
{Heap after GC invocations=1836 (full 1722):
 garbage-first heap   total 163840K, used 51544K [0x00000000c0000000, 0x0000000100000000)
  region size 1024K, 0 young (0K), 0 survivors (0K)
 Metaspace       used 70760K, committed 71232K, reserved 1114112K
  class space    used 9289K, committed 9536K, reserved 1048576K
}
Event: 18648.178 GC heap before
{Heap before GC invocations=1836 (full 1722):
 garbage-first heap   total 163840K, used 51544K [0x00000000c0000000, 0x0000000100000000)
  region size 1024K, 1 young (1024K), 0 survivors (0K)
 Metaspace       used 70760K, committed 71232K, reserved 1114112K
  class space    used 9289K, committed 9536K, reserved 1048576K
}
Event: 18648.241 GC heap after
{Heap after GC invocations=1837 (full 1723):
 garbage-first heap   total 163840K, used 51544K [0x00000000c0000000, 0x0000000100000000)
  region size 1024K, 0 young (0K), 0 survivors (0K)
 Metaspace       used 70760K, committed 71232K, reserved 1114112K
  class space    used 9289K, committed 9536K, reserved 1048576K
}
Event: 18658.484 GC heap before
{Heap before GC invocations=1837 (full 1723):
 garbage-first heap   total 163840K, used 51544K [0x00000000c0000000, 0x0000000100000000)
  region size 1024K, 1 young (1024K), 0 survivors (0K)
 Metaspace       used 70770K, committed 71232K, reserved 1114112K
  class space    used 9291K, committed 9536K, reserved 1048576K
}
Event: 18658.537 GC heap after
{Heap after GC invocations=1838 (full 1724):
 garbage-first heap   total 163840K, used 51557K [0x00000000c0000000, 0x0000000100000000)
  region size 1024K, 0 young (0K), 0 survivors (0K)
 Metaspace       used 70770K, committed 71232K, reserved 1114112K
  class space    used 9291K, committed 9536K, reserved 1048576K
}
Event: 18673.482 GC heap before
{Heap before GC invocations=1838 (full 1724):
 garbage-first heap   total 163840K, used 51557K [0x00000000c0000000, 0x0000000100000000)
  region size 1024K, 1 young (1024K), 0 survivors (0K)
 Metaspace       used 70770K, committed 71232K, reserved 1114112K
  class space    used 9291K, committed 9536K, reserved 1048576K
}
Event: 18673.552 GC heap after
{Heap after GC invocations=1839 (full 1725):
 garbage-first heap   total 163840K, used 51557K [0x00000000c0000000, 0x0000000100000000)
  region size 1024K, 0 young (0K), 0 survivors (0K)
 Metaspace       used 70770K, committed 71232K, reserved 1114112K
  class space    used 9291K, committed 9536K, reserved 1048576K
}
Event: 18683.951 GC heap before
{Heap before GC invocations=1839 (full 1725):
 garbage-first heap   total 163840K, used 51557K [0x00000000c0000000, 0x0000000100000000)
  region size 1024K, 1 young (1024K), 0 survivors (0K)
 Metaspace       used 70770K, committed 71232K, reserved 1114112K
  class space    used 9291K, committed 9536K, reserved 1048576K
}
Event: 18684.020 GC heap after
{Heap after GC invocations=1840 (full 1726):
 garbage-first heap   total 163840K, used 51557K [0x00000000c0000000, 0x0000000100000000)
  region size 1024K, 0 young (0K), 0 survivors (0K)
 Metaspace       used 70770K, committed 71232K, reserved 1114112K
  class space    used 9291K, committed 9536K, reserved 1048576K
}

