# JRE version: OpenJDK Runtime Environment Temurin-17.0.7+7 (17.0.7+7) (build 17.0.7+7)
# Java VM: OpenJDK 64-Bit Server VM Temurin-17.0.7+7 (17.0.7+7, mixed mode, emulated-client, tiered, compressed oops, compressed class ptrs, g1 gc, windows-amd64)
GC Precious Log:
 CPUs: 4 total, 4 available
 Memory: 6020M
 Large Page Support: Disabled
 NUMA Support: Disabled
 Compressed Oops: Enabled (32-bit)
 Heap Region Size: 1M
 Heap Min Capacity: 8M
 Heap Initial Capacity: 96M
 Heap Max Capacity: 1G
 Pre-touch: Disabled
 Parallel Workers: 4
 Concurrent Workers: 1
 Concurrent Refinement Workers: 4
 Periodic GC: Disabled
Heap:
 garbage-first heap   total 281600K, used 115074K [0x00000000c0000000, 0x0000000100000000)
  region size 1024K, 10 young (10240K), 10 survivors (10240K)
 Metaspace       used 40838K, committed 41280K, reserved 1114112K
  class space    used 5132K, committed 5312K, reserved 1048576K
GC Heap History (20 events):
Event: 9.638 GC heap after
{Heap after GC invocations=20 (full 0):
 garbage-first heap   total 105472K, used 60387K [0x00000000c0000000, 0x0000000100000000)
  region size 1024K, 4 young (4096K), 4 survivors (4096K)
 Metaspace       used 40650K, committed 41088K, reserved 1114112K
  class space    used 5108K, committed 5312K, reserved 1048576K
}
Event: 9.968 GC heap before
{Heap before GC invocations=21 (full 0):
 garbage-first heap   total 119808K, used 79843K [0x00000000c0000000, 0x0000000100000000)
  region size 1024K, 22 young (22528K), 4 survivors (4096K)
 Metaspace       used 40650K, committed 41088K, reserved 1114112K
  class space    used 5108K, committed 5312K, reserved 1048576K
}
Event: 9.995 GC heap after
{Heap after GC invocations=22 (full 0):
 garbage-first heap   total 119808K, used 71504K [0x00000000c0000000, 0x0000000100000000)
  region size 1024K, 3 young (3072K), 3 survivors (3072K)
 Metaspace       used 40650K, committed 41088K, reserved 1114112K
  class space    used 5108K, committed 5312K, reserved 1048576K
}
Event: 10.013 GC heap before
{Heap before GC invocations=22 (full 0):
 garbage-first heap   total 119808K, used 73552K [0x00000000c0000000, 0x0000000100000000)
  region size 1024K, 5 young (5120K), 3 survivors (3072K)
 Metaspace       used 40650K, committed 41088K, reserved 1114112K
  class space    used 5108K, committed 5312K, reserved 1048576K
}
Event: 10.031 GC heap after
{Heap after GC invocations=23 (full 0):
 garbage-first heap   total 281600K, used 73517K [0x00000000c0000000, 0x0000000100000000)
  region size 1024K, 1 young (1024K), 1 survivors (1024K)
 Metaspace       used 40650K, committed 41088K, reserved 1114112K
  class space    used 5108K, committed 5312K, reserved 1048576K
}
Event: 10.350 GC heap before
{Heap before GC invocations=23 (full 0):
 garbage-first heap   total 281600K, used 156461K [0x00000000c0000000, 0x0000000100000000)
  region size 1024K, 83 young (84992K), 1 survivors (1024K)
 Metaspace       used 40837K, committed 41280K, reserved 1114112K
  class space    used 5131K, committed 5312K, reserved 1048576K
}
Event: 10.387 GC heap after
{Heap after GC invocations=24 (full 0):
 garbage-first heap   total 281600K, used 81427K [0x00000000c0000000, 0x0000000100000000)
  region size 1024K, 9 young (9216K), 9 survivors (9216K)
 Metaspace       used 40837K, committed 41280K, reserved 1114112K
  class space    used 5131K, committed 5312K, reserved 1048576K
}
Event: 10.561 GC heap before
{Heap before GC invocations=24 (full 0):
 garbage-first heap   total 281600K, used 174611K [0x00000000c0000000, 0x0000000100000000)
  region size 1024K, 101 young (103424K), 9 survivors (9216K)
 Metaspace       used 40837K, committed 41280K, reserved 1114112K
  class space    used 5131K, committed 5312K, reserved 1048576K
}
Event: 10.590 GC heap after
{Heap after GC invocations=25 (full 0):
 garbage-first heap   total 281600K, used 85397K [0x00000000c0000000, 0x0000000100000000)
  region size 1024K, 4 young (4096K), 4 survivors (4096K)
 Metaspace       used 40837K, committed 41280K, reserved 1114112K
  class space    used 5131K, committed 5312K, reserved 1048576K
}
Event: 11.084 GC heap before
{Heap before GC invocations=25 (full 0):
 garbage-first heap   total 281600K, used 202133K [0x00000000c0000000, 0x0000000100000000)
  region size 1024K, 119 young (121856K), 4 survivors (4096K)
 Metaspace       used 40837K, committed 41280K, reserved 1114112K
  class space    used 5131K, committed 5312K, reserved 1048576K
}
Event: 11.093 GC heap after
{Heap after GC invocations=26 (full 0):
 garbage-first heap   total 281600K, used 89952K [0x00000000c0000000, 0x0000000100000000)
  region size 1024K, 9 young (9216K), 9 survivors (9216K)
 Metaspace       used 40837K, committed 41280K, reserved 1114112K
  class space    used 5131K, committed 5312K, reserved 1048576K
}
Event: 11.497 GC heap before
{Heap before GC invocations=26 (full 0):
 garbage-first heap   total 281600K, used 209760K [0x00000000c0000000, 0x0000000100000000)
  region size 1024K, 127 young (130048K), 9 survivors (9216K)
 Metaspace       used 40837K, committed 41280K, reserved 1114112K
  class space    used 5131K, committed 5312K, reserved 1048576K
}
Event: 11.509 GC heap after
{Heap after GC invocations=27 (full 0):
 garbage-first heap   total 281600K, used 94401K [0x00000000c0000000, 0x0000000100000000)
  region size 1024K, 10 young (10240K), 10 survivors (10240K)
 Metaspace       used 40837K, committed 41280K, reserved 1114112K
  class space    used 5131K, committed 5312K, reserved 1048576K
}
Event: 11.987 GC heap before
{Heap before GC invocations=27 (full 0):
 garbage-first heap   total 281600K, used 217281K [0x00000000c0000000, 0x0000000100000000)
  region size 1024K, 131 young (134144K), 10 survivors (10240K)
 Metaspace       used 40838K, committed 41280K, reserved 1114112K
  class space    used 5132K, committed 5312K, reserved 1048576K
}
Event: 12.000 GC heap after
{Heap after GC invocations=28 (full 0):
 garbage-first heap   total 281600K, used 99285K [0x00000000c0000000, 0x0000000100000000)
  region size 1024K, 10 young (10240K), 10 survivors (10240K)
 Metaspace       used 40838K, committed 41280K, reserved 1114112K
  class space    used 5132K, committed 5312K, reserved 1048576K
}
Event: 12.653 GC heap before
{Heap before GC invocations=28 (full 0):
 garbage-first heap   total 281600K, used 222165K [0x00000000c0000000, 0x0000000100000000)
  region size 1024K, 131 young (134144K), 10 survivors (10240K)
 Metaspace       used 40838K, committed 41280K, reserved 1114112K
  class space    used 5132K, committed 5312K, reserved 1048576K
}
Event: 12.667 GC heap after
{Heap after GC invocations=29 (full 0):
 garbage-first heap   total 281600K, used 104611K [0x00000000c0000000, 0x0000000100000000)
  region size 1024K, 10 young (10240K), 10 survivors (10240K)
 Metaspace       used 40838K, committed 41280K, reserved 1114112K
  class space    used 5132K, committed 5312K, reserved 1048576K
}
Event: 12.860 GC heap before
{Heap before GC invocations=29 (full 0):
 garbage-first heap   total 281600K, used 226467K [0x00000000c0000000, 0x0000000100000000)
  region size 1024K, 130 young (133120K), 10 survivors (10240K)
 Metaspace       used 40838K, committed 41280K, reserved 1114112K
  class space    used 5132K, committed 5312K, reserved 1048576K
}
Event: 12.870 GC heap after
{Heap after GC invocations=30 (full 0):
 garbage-first heap   total 281600K, used 110013K [0x00000000c0000000, 0x0000000100000000)
  region size 1024K, 11 young (11264K), 11 survivors (11264K)
 Metaspace       used 40838K, committed 41280K, reserved 1114112K
  class space    used 5132K, committed 5312K, reserved 1048576K
}
Event: 13.098 GC heap before
{Heap before GC invocations=30 (full 0):
 garbage-first heap   total 281600K, used 229821K [0x00000000c0000000, 0x0000000100000000)
  region size 1024K, 129 young (132096K), 11 survivors (11264K)
 Metaspace       used 40838K, committed 41280K, reserved 1114112K
  class space    used 5132K, committed 5312K, reserved 1048576K
}

