# JRE version: OpenJDK Runtime Environment Temurin-17.0.7+7 (17.0.7+7) (build 17.0.7+7)
# Java VM: OpenJDK 64-Bit Server VM Temurin-17.0.7+7 (17.0.7+7, mixed mode, emulated-client, tiered, compressed oops, compressed class ptrs, g1 gc, windows-amd64)
GC Precious Log:
 CPUs: 4 total, 4 available
 Memory: 6020M
 Large Page Support: Disabled
 NUMA Support: Disabled
 Compressed Oops: Enabled (32-bit)
 Heap Region Size: 1M
 Heap Min Capacity: 8M
 Heap Initial Capacity: 96M
 Heap Max Capacity: 1G
 Pre-touch: Disabled
 Parallel Workers: 4
 Concurrent Workers: 1
 Concurrent Refinement Workers: 4
 Periodic GC: Disabled
Heap:
 garbage-first heap   total 189440K, used 89504K [0x00000000c0000000, 0x0000000100000000)
  region size 1024K, 1 young (1024K), 1 survivors (1024K)
 Metaspace       used 44467K, committed 44928K, reserved 1114112K
  class space    used 5494K, committed 5696K, reserved 1048576K
GC Heap History (20 events):
Event: 11.534 GC heap after
{Heap after GC invocations=16 (full 0):
 garbage-first heap   total 78848K, used 39507K [0x00000000c0000000, 0x0000000100000000)
  region size 1024K, 2 young (2048K), 2 survivors (2048K)
 Metaspace       used 41539K, committed 41984K, reserved 1114112K
  class space    used 5230K, committed 5440K, reserved 1048576K
}
Event: 11.714 GC heap before
{Heap before GC invocations=16 (full 0):
 garbage-first heap   total 78848K, used 58963K [0x00000000c0000000, 0x0000000100000000)
  region size 1024K, 22 young (22528K), 2 survivors (2048K)
 Metaspace       used 41816K, committed 42304K, reserved 1114112K
  class space    used 5250K, committed 5504K, reserved 1048576K
}
Event: 11.724 GC heap after
{Heap after GC invocations=17 (full 0):
 garbage-first heap   total 78848K, used 42869K [0x00000000c0000000, 0x0000000100000000)
  region size 1024K, 3 young (3072K), 3 survivors (3072K)
 Metaspace       used 41816K, committed 42304K, reserved 1114112K
  class space    used 5250K, committed 5504K, reserved 1048576K
}
Event: 11.870 GC heap before
{Heap before GC invocations=17 (full 0):
 garbage-first heap   total 94208K, used 61301K [0x00000000c0000000, 0x0000000100000000)
  region size 1024K, 21 young (21504K), 3 survivors (3072K)
 Metaspace       used 42188K, committed 42624K, reserved 1114112K
  class space    used 5298K, committed 5504K, reserved 1048576K
}
Event: 11.881 GC heap after
{Heap after GC invocations=18 (full 0):
 garbage-first heap   total 177152K, used 45954K [0x00000000c0000000, 0x0000000100000000)
  region size 1024K, 3 young (3072K), 3 survivors (3072K)
 Metaspace       used 42188K, committed 42624K, reserved 1114112K
  class space    used 5298K, committed 5504K, reserved 1048576K
}
Event: 13.221 GC heap before
{Heap before GC invocations=19 (full 0):
 garbage-first heap   total 177152K, used 125826K [0x00000000c0000000, 0x0000000100000000)
  region size 1024K, 82 young (83968K), 3 survivors (3072K)
 Metaspace       used 44263K, committed 44672K, reserved 1114112K
  class space    used 5470K, committed 5632K, reserved 1048576K
}
Event: 13.253 GC heap after
{Heap after GC invocations=20 (full 0):
 garbage-first heap   total 177152K, used 63952K [0x00000000c0000000, 0x0000000100000000)
  region size 1024K, 11 young (11264K), 11 survivors (11264K)
 Metaspace       used 44263K, committed 44672K, reserved 1114112K
  class space    used 5470K, committed 5632K, reserved 1048576K
}
Event: 13.271 GC heap before
{Heap before GC invocations=20 (full 0):
 garbage-first heap   total 177152K, used 64976K [0x00000000c0000000, 0x0000000100000000)
  region size 1024K, 12 young (12288K), 11 survivors (11264K)
 Metaspace       used 44263K, committed 44672K, reserved 1114112K
  class space    used 5470K, committed 5632K, reserved 1048576K
}
Event: 13.290 GC heap after
{Heap after GC invocations=21 (full 0):
 garbage-first heap   total 177152K, used 65694K [0x00000000c0000000, 0x0000000100000000)
  region size 1024K, 2 young (2048K), 2 survivors (2048K)
 Metaspace       used 44263K, committed 44672K, reserved 1114112K
  class space    used 5470K, committed 5632K, reserved 1048576K
}
Event: 14.017 GC heap before
{Heap before GC invocations=21 (full 0):
 garbage-first heap   total 177152K, used 112798K [0x00000000c0000000, 0x0000000100000000)
  region size 1024K, 48 young (49152K), 2 survivors (2048K)
 Metaspace       used 44356K, committed 44864K, reserved 1114112K
  class space    used 5481K, committed 5696K, reserved 1048576K
}
Event: 14.065 GC heap after
{Heap after GC invocations=22 (full 0):
 garbage-first heap   total 177152K, used 83883K [0x00000000c0000000, 0x0000000100000000)
  region size 1024K, 6 young (6144K), 6 survivors (6144K)
 Metaspace       used 44356K, committed 44864K, reserved 1114112K
  class space    used 5481K, committed 5696K, reserved 1048576K
}
Event: 14.193 GC heap before
{Heap before GC invocations=22 (full 0):
 garbage-first heap   total 177152K, used 121771K [0x00000000c0000000, 0x0000000100000000)
  region size 1024K, 44 young (45056K), 6 survivors (6144K)
 Metaspace       used 44467K, committed 44928K, reserved 1114112K
  class space    used 5494K, committed 5696K, reserved 1048576K
}
Event: 14.207 GC heap after
{Heap after GC invocations=23 (full 0):
 garbage-first heap   total 177152K, used 86702K [0x00000000c0000000, 0x0000000100000000)
  region size 1024K, 3 young (3072K), 3 survivors (3072K)
 Metaspace       used 44467K, committed 44928K, reserved 1114112K
  class space    used 5494K, committed 5696K, reserved 1048576K
}
Event: 14.401 GC heap before
{Heap before GC invocations=23 (full 0):
 garbage-first heap   total 177152K, used 126638K [0x00000000c0000000, 0x0000000100000000)
  region size 1024K, 44 young (45056K), 3 survivors (3072K)
 Metaspace       used 44467K, committed 44928K, reserved 1114112K
  class space    used 5494K, committed 5696K, reserved 1048576K
}
Event: 14.405 GC heap after
{Heap after GC invocations=24 (full 0):
 garbage-first heap   total 177152K, used 87591K [0x00000000c0000000, 0x0000000100000000)
  region size 1024K, 4 young (4096K), 4 survivors (4096K)
 Metaspace       used 44467K, committed 44928K, reserved 1114112K
  class space    used 5494K, committed 5696K, reserved 1048576K
}
Event: 14.761 GC heap before
{Heap before GC invocations=24 (full 0):
 garbage-first heap   total 189440K, used 130599K [0x00000000c0000000, 0x0000000100000000)
  region size 1024K, 48 young (49152K), 4 survivors (4096K)
 Metaspace       used 44467K, committed 44928K, reserved 1114112K
  class space    used 5494K, committed 5696K, reserved 1048576K
}
Event: 14.765 GC heap after
{Heap after GC invocations=25 (full 0):
 garbage-first heap   total 189440K, used 88482K [0x00000000c0000000, 0x0000000100000000)
  region size 1024K, 5 young (5120K), 5 survivors (5120K)
 Metaspace       used 44467K, committed 44928K, reserved 1114112K
  class space    used 5494K, committed 5696K, reserved 1048576K
}
Event: 14.874 GC heap before
{Heap before GC invocations=26 (full 0):
 garbage-first heap   total 189440K, used 140706K [0x00000000c0000000, 0x0000000100000000)
  region size 1024K, 57 young (58368K), 5 survivors (5120K)
 Metaspace       used 44467K, committed 44928K, reserved 1114112K
  class space    used 5494K, committed 5696K, reserved 1048576K
}
Event: 14.880 GC heap after
{Heap after GC invocations=27 (full 0):
 garbage-first heap   total 189440K, used 90465K [0x00000000c0000000, 0x0000000100000000)
  region size 1024K, 6 young (6144K), 6 survivors (6144K)
 Metaspace       used 44467K, committed 44928K, reserved 1114112K
  class space    used 5494K, committed 5696K, reserved 1048576K
}
Event: 14.906 GC heap before
{Heap before GC invocations=27 (full 0):
 garbage-first heap   total 189440K, used 92513K [0x00000000c0000000, 0x0000000100000000)
  region size 1024K, 9 young (9216K), 6 survivors (6144K)
 Metaspace       used 44467K, committed 44928K, reserved 1114112K
  class space    used 5494K, committed 5696K, reserved 1048576K
}

