# JRE version: OpenJDK Runtime Environment Temurin-17.0.7+7 (17.0.7+7) (build 17.0.7+7)
# Java VM: OpenJDK 64-Bit Server VM Temurin-17.0.7+7 (17.0.7+7, mixed mode, emulated-client, tiered, compressed oops, compressed class ptrs, g1 gc, windows-amd64)
GC Precious Log:
 CPUs: 4 total, 4 available
 Memory: 6020M
 Large Page Support: Disabled
 NUMA Support: Disabled
 Compressed Oops: Enabled (32-bit)
 Heap Region Size: 1M
 Heap Min Capacity: 8M
 Heap Initial Capacity: 96M
 Heap Max Capacity: 1G
 Pre-touch: Disabled
 Parallel Workers: 4
 Concurrent Workers: 1
 Concurrent Refinement Workers: 4
 Periodic GC: Disabled
Heap:
 garbage-first heap   total 357376K, used 197458K [0x00000000c0000000, 0x0000000100000000)
  region size 1024K, 5 young (5120K), 5 survivors (5120K)
 Metaspace       used 50409K, committed 50880K, reserved 1114112K
  class space    used 6270K, committed 6464K, reserved 1048576K
GC Heap History (20 events):
Event: 13.330 GC heap after
{Heap after GC invocations=31 (full 0):
 garbage-first heap   total 352256K, used 135604K [0x00000000c0000000, 0x0000000100000000)
  region size 1024K, 13 young (13312K), 13 survivors (13312K)
 Metaspace       used 45058K, committed 45440K, reserved 1114112K
  class space    used 5595K, committed 5760K, reserved 1048576K
}
Event: 14.041 GC heap before
{Heap before GC invocations=31 (full 0):
 garbage-first heap   total 352256K, used 295348K [0x00000000c0000000, 0x0000000100000000)
  region size 1024K, 170 young (174080K), 13 survivors (13312K)
 Metaspace       used 45068K, committed 45504K, reserved 1114112K
  class space    used 5597K, committed 5760K, reserved 1048576K
}
Event: 14.055 GC heap after
{Heap after GC invocations=32 (full 0):
 garbage-first heap   total 352256K, used 143780K [0x00000000c0000000, 0x0000000100000000)
  region size 1024K, 15 young (15360K), 15 survivors (15360K)
 Metaspace       used 45068K, committed 45504K, reserved 1114112K
  class space    used 5597K, committed 5760K, reserved 1048576K
}
Event: 14.723 GC heap before
{Heap before GC invocations=32 (full 0):
 garbage-first heap   total 352256K, used 295332K [0x00000000c0000000, 0x0000000100000000)
  region size 1024K, 164 young (167936K), 15 survivors (15360K)
 Metaspace       used 45119K, committed 45568K, reserved 1114112K
  class space    used 5601K, committed 5824K, reserved 1048576K
}
Event: 14.734 GC heap after
{Heap after GC invocations=33 (full 0):
 garbage-first heap   total 352256K, used 155457K [0x00000000c0000000, 0x0000000100000000)
  region size 1024K, 20 young (20480K), 20 survivors (20480K)
 Metaspace       used 45119K, committed 45568K, reserved 1114112K
  class space    used 5601K, committed 5824K, reserved 1048576K
}
Event: 15.513 GC heap before
{Heap before GC invocations=33 (full 0):
 garbage-first heap   total 352256K, used 292673K [0x00000000c0000000, 0x0000000100000000)
  region size 1024K, 155 young (158720K), 20 survivors (20480K)
 Metaspace       used 45881K, committed 46336K, reserved 1114112K
  class space    used 5702K, committed 5952K, reserved 1048576K
}
Event: 15.526 GC heap after
{Heap after GC invocations=34 (full 0):
 garbage-first heap   total 352256K, used 163228K [0x00000000c0000000, 0x0000000100000000)
  region size 1024K, 9 young (9216K), 9 survivors (9216K)
 Metaspace       used 45881K, committed 46336K, reserved 1114112K
  class space    used 5702K, committed 5952K, reserved 1048576K
}
Event: 15.846 GC heap before
{Heap before GC invocations=34 (full 0):
 garbage-first heap   total 352256K, used 293276K [0x00000000c0000000, 0x0000000100000000)
  region size 1024K, 137 young (140288K), 9 survivors (9216K)
 Metaspace       used 46758K, committed 47232K, reserved 1114112K
  class space    used 5798K, committed 6016K, reserved 1048576K
}
Event: 15.858 GC heap after
{Heap after GC invocations=35 (full 0):
 garbage-first heap   total 352256K, used 169258K [0x00000000c0000000, 0x0000000100000000)
  region size 1024K, 14 young (14336K), 14 survivors (14336K)
 Metaspace       used 46758K, committed 47232K, reserved 1114112K
  class space    used 5798K, committed 6016K, reserved 1048576K
}
Event: 16.145 GC heap before
{Heap before GC invocations=35 (full 0):
 garbage-first heap   total 352256K, used 297258K [0x00000000c0000000, 0x0000000100000000)
  region size 1024K, 139 young (142336K), 14 survivors (14336K)
 Metaspace       used 47114K, committed 47616K, reserved 1114112K
  class space    used 5853K, committed 6080K, reserved 1048576K
}
Event: 16.163 GC heap after
{Heap after GC invocations=36 (full 0):
 garbage-first heap   total 352256K, used 177843K [0x00000000c0000000, 0x0000000100000000)
  region size 1024K, 14 young (14336K), 14 survivors (14336K)
 Metaspace       used 47114K, committed 47616K, reserved 1114112K
  class space    used 5853K, committed 6080K, reserved 1048576K
}
Event: 16.462 GC heap before
{Heap before GC invocations=36 (full 0):
 garbage-first heap   total 352256K, used 297651K [0x00000000c0000000, 0x0000000100000000)
  region size 1024K, 132 young (135168K), 14 survivors (14336K)
 Metaspace       used 48317K, committed 48768K, reserved 1114112K
  class space    used 5987K, committed 6208K, reserved 1048576K
}
Event: 16.480 GC heap after
{Heap after GC invocations=37 (full 0):
 garbage-first heap   total 352256K, used 184045K [0x00000000c0000000, 0x0000000100000000)
  region size 1024K, 14 young (14336K), 14 survivors (14336K)
 Metaspace       used 48317K, committed 48768K, reserved 1114112K
  class space    used 5987K, committed 6208K, reserved 1048576K
}
Event: 16.796 GC heap before
{Heap before GC invocations=37 (full 0):
 garbage-first heap   total 352256K, used 298733K [0x00000000c0000000, 0x0000000100000000)
  region size 1024K, 127 young (130048K), 14 survivors (14336K)
 Metaspace       used 49363K, committed 49856K, reserved 1114112K
  class space    used 6145K, committed 6400K, reserved 1048576K
}
Event: 16.811 GC heap after
{Heap after GC invocations=38 (full 0):
 garbage-first heap   total 352256K, used 190189K [0x00000000c0000000, 0x0000000100000000)
  region size 1024K, 13 young (13312K), 13 survivors (13312K)
 Metaspace       used 49363K, committed 49856K, reserved 1114112K
  class space    used 6145K, committed 6400K, reserved 1048576K
}
Event: 17.140 GC heap before
{Heap before GC invocations=39 (full 0):
 garbage-first heap   total 357376K, used 298733K [0x00000000c0000000, 0x0000000100000000)
  region size 1024K, 121 young (123904K), 13 survivors (13312K)
 Metaspace       used 50409K, committed 50880K, reserved 1114112K
  class space    used 6270K, committed 6464K, reserved 1048576K
}
Event: 17.156 GC heap after
{Heap after GC invocations=40 (full 0):
 garbage-first heap   total 357376K, used 195258K [0x00000000c0000000, 0x0000000100000000)
  region size 1024K, 12 young (12288K), 12 survivors (12288K)
 Metaspace       used 50409K, committed 50880K, reserved 1114112K
  class space    used 6270K, committed 6464K, reserved 1048576K
}
Event: 17.167 GC heap before
{Heap before GC invocations=40 (full 0):
 garbage-first heap   total 357376K, used 199354K [0x00000000c0000000, 0x0000000100000000)
  region size 1024K, 17 young (17408K), 12 survivors (12288K)
 Metaspace       used 50409K, committed 50880K, reserved 1114112K
  class space    used 6270K, committed 6464K, reserved 1048576K
}
Event: 17.180 GC heap after
{Heap after GC invocations=41 (full 0):
 garbage-first heap   total 357376K, used 194500K [0x00000000c0000000, 0x0000000100000000)
  region size 1024K, 2 young (2048K), 2 survivors (2048K)
 Metaspace       used 50409K, committed 50880K, reserved 1114112K
  class space    used 6270K, committed 6464K, reserved 1048576K
}
Event: 17.482 GC heap before
{Heap before GC invocations=41 (full 0):
 garbage-first heap   total 357376K, used 305092K [0x00000000c0000000, 0x0000000100000000)
  region size 1024K, 111 young (113664K), 2 survivors (2048K)
 Metaspace       used 50409K, committed 50880K, reserved 1114112K
  class space    used 6270K, committed 6464K, reserved 1048576K
}

